{"C:\\Users\\camil\\Mi unidad\\MICROVERSE\\Repositories\\Testing\\src\\modules\\calculator.js": {"path":"C:\\Users\\camil\\Mi unidad\\MICROVERSE\\Repositories\\Testing\\src\\modules\\calculator.js","statementMap":{"0":{"start":{"line":3,"column":4},"end":{"line":3,"column":17}},"1":{"start":{"line":7,"column":4},"end":{"line":7,"column":17}},"2":{"start":{"line":11,"column":4},"end":{"line":11,"column":17}},"3":{"start":{"line":15,"column":4},"end":{"line":15,"column":17}},"4":{"start":{"line":19,"column":0},"end":{"line":19,"column":28}}},"fnMap":{"0":{"name":"(anonymous_0)","decl":{"start":{"line":2,"column":2},"end":{"line":2,"column":3}},"loc":{"start":{"line":2,"column":18},"end":{"line":4,"column":3}},"line":2},"1":{"name":"(anonymous_1)","decl":{"start":{"line":6,"column":2},"end":{"line":6,"column":3}},"loc":{"start":{"line":6,"column":23},"end":{"line":8,"column":3}},"line":6},"2":{"name":"(anonymous_2)","decl":{"start":{"line":10,"column":2},"end":{"line":10,"column":3}},"loc":{"start":{"line":10,"column":23},"end":{"line":12,"column":3}},"line":10},"3":{"name":"(anonymous_3)","decl":{"start":{"line":14,"column":2},"end":{"line":14,"column":3}},"loc":{"start":{"line":14,"column":21},"end":{"line":16,"column":3}},"line":14}},"branchMap":{},"s":{"0":3,"1":3,"2":3,"3":3,"4":1},"f":{"0":3,"1":3,"2":3,"3":3},"b":{},"_coverageSchema":"1a1c01bbd47fc00a2c39e90264f33305004495a9","hash":"939df4d2c307f2328bfa278d31a3aba1889a4bef"}
,"C:\\Users\\camil\\Mi unidad\\MICROVERSE\\Repositories\\Testing\\src\\modules\\capitalize.js": {"path":"C:\\Users\\camil\\Mi unidad\\MICROVERSE\\Repositories\\Testing\\src\\modules\\capitalize.js","statementMap":{"0":{"start":{"line":2,"column":22},"end":{"line":2,"column":70}},"1":{"start":{"line":3,"column":2},"end":{"line":3,"column":21}},"2":{"start":{"line":6,"column":0},"end":{"line":6,"column":28}}},"fnMap":{"0":{"name":"capitalize","decl":{"start":{"line":1,"column":9},"end":{"line":1,"column":19}},"loc":{"start":{"line":1,"column":28},"end":{"line":4,"column":1}},"line":1}},"branchMap":{},"s":{"0":1,"1":1,"2":1},"f":{"0":1},"b":{},"_coverageSchema":"1a1c01bbd47fc00a2c39e90264f33305004495a9","hash":"c7af1f4e87b53d45426540246698390bda791833"}
,"C:\\Users\\camil\\Mi unidad\\MICROVERSE\\Repositories\\Testing\\src\\modules\\reverseString.js": {"path":"C:\\Users\\camil\\Mi unidad\\MICROVERSE\\Repositories\\Testing\\src\\modules\\reverseString.js","statementMap":{"0":{"start":{"line":2,"column":2},"end":{"line":2,"column":42}},"1":{"start":{"line":4,"column":0},"end":{"line":4,"column":23}},"2":{"start":{"line":6,"column":0},"end":{"line":6,"column":31}}},"fnMap":{"0":{"name":"reverseString","decl":{"start":{"line":1,"column":9},"end":{"line":1,"column":22}},"loc":{"start":{"line":1,"column":28},"end":{"line":3,"column":1}},"line":1}},"branchMap":{},"s":{"0":2,"1":1,"2":1},"f":{"0":2},"b":{},"_coverageSchema":"1a1c01bbd47fc00a2c39e90264f33305004495a9","hash":"c4d19a17773699e66e388ba3bc7101a5cea61233"}
,"C:\\Users\\camil\\Mi unidad\\MICROVERSE\\Repositories\\Testing\\src\\modules\\stringLength.js": {"path":"C:\\Users\\camil\\Mi unidad\\MICROVERSE\\Repositories\\Testing\\src\\modules\\stringLength.js","statementMap":{"0":{"start":{"line":2,"column":2},"end":{"line":12,"column":3}},"1":{"start":{"line":3,"column":4},"end":{"line":5,"column":5}},"2":{"start":{"line":4,"column":6},"end":{"line":4,"column":41}},"3":{"start":{"line":6,"column":4},"end":{"line":8,"column":5}},"4":{"start":{"line":7,"column":6},"end":{"line":7,"column":44}},"5":{"start":{"line":11,"column":4},"end":{"line":11,"column":21}},"6":{"start":{"line":14,"column":2},"end":{"line":14,"column":23}},"7":{"start":{"line":19,"column":0},"end":{"line":19,"column":30}}},"fnMap":{"0":{"name":"stringLength","decl":{"start":{"line":1,"column":9},"end":{"line":1,"column":21}},"loc":{"start":{"line":1,"column":30},"end":{"line":15,"column":1}},"line":1}},"branchMap":{"0":{"loc":{"start":{"line":3,"column":4},"end":{"line":5,"column":5}},"type":"if","locations":[{"start":{"line":3,"column":4},"end":{"line":5,"column":5}},{"start":{},"end":{}}],"line":3},"1":{"loc":{"start":{"line":6,"column":4},"end":{"line":8,"column":5}},"type":"if","locations":[{"start":{"line":6,"column":4},"end":{"line":8,"column":5}},{"start":{},"end":{}}],"line":6}},"s":{"0":3,"1":3,"2":1,"3":2,"4":1,"5":2,"6":1,"7":1},"f":{"0":3},"b":{"0":[1,2],"1":[1,1]},"_coverageSchema":"1a1c01bbd47fc00a2c39e90264f33305004495a9","hash":"bf78c5ac8dab259f4378c827df0d1e5caf3415a8"}
}
